2516485046347641034
3943397398978453515
3716992240265774011
4420164543494839987
5644810517863757220
7731519285208768767
1024763777349332151
7486675687247461343
2871451292579229115
5590534879088273077
0253372643691377151
6538546637229896000
7580519260269464656
4540374654888917552
6977831363666293343
6395280979062161163
6585428159202362736
5264297530695062727
0706852745106853598
5150694307155616746
3774756277892298872
8332720451557786848
5339003624440028802
6376164854986337536
3415213327329584132
4281729922730786340
7522926404772241006
4730129770982856172
2022072444493361290
7598630129779306677
6144246748165484014
0674547663982885070
0117724395996891450
2057204611006707103
1445658787979854536
3216513615737724463
4918490366509119974
0571193960701842172
4408710985805044916
7447764377647490458
3310340144703742004
5146246879780508194
2481028911534511197
2649623660514520754
6257286440940964490
5240271695200416114
2781529196881250902
2816431644728533845
2513145791309564127
5610974647158174455
0883185950355096221
1101196613068731902
3733947052631535130
0167426941361963384
1799283736492975992
2003444748406734822
6371815846039764064
4452059499226148876
1419306571828439634
2588075834561902068
0332609012052096039
2636498427991679571
2296704170827004897
6264141656037469988
6851196744324579899
1090734917187375196
3443324903620671905
3523279524329086244
2289803520278391239
3122559169724637617
4418466760211784371
7003785300421880984
7039782930219754468
1301934009776365702
3465918359348726369
1139240759867307191
1020162508512815507
0714511188628271824
5620433524358092615
3883123960023696009
7422608431511257987
1924472518601421754
0145261096855384591
2158913525650112807
7512885069586564532
6326815282817805545
4355200588117162861
6165446189489673087
4319702972913965981
1707218941520466406
4203971243865214581
6794004607863814115
8276443008064437038
8508035407501830375
5736410321596646262
5726889536922704363
1256834945395920461
2538628186389330927
5120376853528938626
2833622239231115760
7075587537882663885
2821259763563322009
8098380497241680384
4591454277453094352
1118426083448325671
7249812769480193476
2058630174489462933
4804100185120680327
6186449556268024558
4686548260009413607
2819052936707937795
4799993106920678329
6740936089416676694
0992753977347630444
0564214511026350940
5872109154054684903
7099366675569768153
5965770431563629721
0848887835066939312
7250157720619466375
2267491987733739628
6730527286760744738
7668794697336034917
7805471590213054848
5366282408459939545
3417982082532444717
0068419165400798093
3938078312472361280
0697239277758065796
5887377199161707821
3367431885620874093
5895650846170217180
5233300274806665784
3714426062553538821
7545451423345142003
0064897567309807050
8511293199820765841
3249164942963489394
3230369826108787100
4634418241658650520
8066695746850423416
4931994581358114693
0851533173585770214
6381065178250313393
5197514131798254236
6233200404827888910
4004106500447944069
1114202072680830534
1394468819211336195
2776147607367982171
7162021129422332708
1149114108271244849
0535121220706821495
1974141397931745591
0040832249557795431
2989206006381875674
2492771921190725763
3696528470838973359
3943073586741039418
2649362335263287380
4255788766301013324
3196903987883023750
2943716141832290039
3677451327060578263
7187824464886983758
3472199414361043588
6701530963860992796
6669873620094295592
2357194953933105186
2688714550824830346
0763988631330339358
6817578898280494747
2951475762309064226
1565646707949056238
6138879483223657842
6719654181799976866
0738864950268703750
2500689852754376796
1044016711712585446
6707804988405404728
8331394834036570478
7625271370307549643
7183995030546580355
7480138171761787680
5444884638728303434
6641548174957133284
7030336154255841006
4237646685858348995
3828104140928537967
0172910511730056479
1187874510710115856
6428946617151293291
2010551422852513029
6320881191877873242
5446406034665189417
1193980745999637265
3687427396015280117
2499318765596402688
2768243409053668516
7850818796145454937
2163274508135153481
6806395918048436620
7408414692738680254
5315661298646862275
4523935640569734302
6498486042744432779
7142714199818133705
3930009960409964462
3976240139419862929
7252917921965953432
0643046891537432562
3580622129484520030
0216770707736280827
5371422135386815484
1985023997898204605
4155953577144073668
2712700297740271870
1391854675369820036
4648313323298434873
6520462562680997295
4886303206071643542
4791158193530109690
4996619431968186223
3336776665504336183
7652081787460798496
4847303341385877700
6368577693187837266
5765750987664766394
1834996428253452846
7512936766299719094
6036763346348228255
6685603599421936995
1256640704161627822
4043186698993554500
3914683830851102243
4952761014605247759
0562562667548929587
1320496027951088842
7974683135568105641
5744928506989324703
7186220390146041697
4113847862553126174
4897278648598911132
3043264854627011255
3528298837265938356
6670175972134546998
0357956785164907536
4034040919762414509
7359067331943530354
7587377008427151648
6455661720245052956
4353861020117150411
4976026944213306637
6552613232411084811
1849438925741922327
1581686507505672876
4006660301480776741
8056807747157032818
4832821862373766813
2121279502341900070
1392644946929624862
7924630943245925535
4314118305120536530
1547602450497362770
6693397518095370067
3343585840828413409
4028101859037656332
4215043271040627179
1420339728893959267
2208918755763113505
1669981383911884964
1176003497559532444
0694792999196321552
7759285966314164979
7335852264921924528
4684377127665451439
4243500765489353503
0536938644975949995
7242897411224764174
6332429778960517301
0290004875220497105
3408441419386825289
0859308920946388716
4466858585586920890
4151526754449694894
0691230709462187933
5861236974264235641
5088578742371085104
6590249630849890494
8101679507319565465
4867608260076010610
8246671894495582529
7158810568519135190
4436477930806208904
6572725905526283324
1446845613289094297
4126417742700509135
0605448422162448023
6270146997810016532
7006173396472211941
